  camera.cpp
D:\DXSDK\Include\xnamath.h(159,35): error C2433: 'FLOAT': '__forceinline' not permitted on data declarations
D:\DXSDK\Include\xnamath.h(159,35): error C4430: missing type specifier - int assumed. Note: C++ does not support default-int
D:\DXSDK\Include\xnamath.h(159,17): error C2146: syntax error: missing ';' before identifier 'XMConvertToRadians'
D:\DXSDK\Include\xnamath.h(159,42): error C2146: syntax error: missing ')' before identifier 'fDegrees'
D:\DXSDK\Include\xnamath.h(159,52): error C2143: syntax error: missing ';' before '{'
D:\DXSDK\Include\xnamath.h(159,52): error C2447: '{': missing function header (old-style formal list?)
D:\DXSDK\Include\xnamath.h(160,35): error C2433: 'FLOAT': '__forceinline' not permitted on data declarations
D:\DXSDK\Include\xnamath.h(160,35): error C4430: missing type specifier - int assumed. Note: C++ does not support default-int
D:\DXSDK\Include\xnamath.h(160,11): error C2086: 'int FLOAT': redefinition
D:\DXSDK\Include\xnamath.h(159): message : see declaration of 'FLOAT'
D:\DXSDK\Include\xnamath.h(160,17): error C2146: syntax error: missing ';' before identifier 'XMConvertToDegrees'
D:\DXSDK\Include\xnamath.h(160,42): error C2146: syntax error: missing ')' before identifier 'fRadians'
D:\DXSDK\Include\xnamath.h(160,52): error C2143: syntax error: missing ';' before '{'
D:\DXSDK\Include\xnamath.h(160,52): error C2447: '{': missing function header (old-style formal list?)
D:\DXSDK\Include\xnamath.h(217,46): error C4430: missing type specifier - int assumed. Note: C++ does not support default-int
D:\DXSDK\Include\xnamath.h(217,36): error C2146: syntax error: missing ';' before identifier '__vector4i'
D:\DXSDK\Include\xnamath.h(217,49): error C4430: missing type specifier - int assumed. Note: C++ does not support default-int
D:\DXSDK\Include\xnamath.h(246,13): error C3646: 'i': unknown override specifier
D:\DXSDK\Include\xnamath.h(246,14): error C2143: syntax error: missing ',' before '['
D:\DXSDK\Include\xnamath.h(246,17): error C2238: unexpected token(s) preceding ';'
D:\DXSDK\Include\xnamath.h(260,14): error C3646: 'u': unknown override specifier
D:\DXSDK\Include\xnamath.h(260,15): error C2143: syntax error: missing ',' before '['
D:\DXSDK\Include\xnamath.h(260,19): error C2238: unexpected token(s) preceding ';'
D:\DXSDK\Include\xnamath.h(316,38): error C2061: syntax error: identifier 'FLOAT'
D:\DXSDK\Include\xnamath.h(316,46): error C2805: binary 'operator *=' has too few parameters
D:\DXSDK\Include\xnamath.h(317,38): error C2061: syntax error: identifier 'FLOAT'
D:\DXSDK\Include\xnamath.h(317,46): error C2805: binary 'operator /=' has too few parameters
D:\DXSDK\Include\xnamath.h(323,37): error C2061: syntax error: identifier 'FLOAT'
D:\DXSDK\Include\xnamath.h(324,30): error C2146: syntax error: missing ')' before identifier 'S'
D:\DXSDK\Include\xnamath.h(325,37): error C2061: syntax error: identifier 'FLOAT'
D:\DXSDK\Include\xnamath.h(325,45): error C2805: binary 'operator /' has too few parameters
D:\DXSDK\Include\xnamath.h(342,19): error C3646: '_11': unknown override specifier
D:\DXSDK\Include\xnamath.h(342,22): error C2059: syntax error: ','
D:\DXSDK\Include\xnamath.h(342,37): error C2238: unexpected token(s) preceding ';'
D:\DXSDK\Include\xnamath.h(343,19): error C3646: '_21': unknown override specifier
D:\DXSDK\Include\xnamath.h(343,22): error C2059: syntax error: ','
D:\DXSDK\Include\xnamath.h(343,37): error C2238: unexpected token(s) preceding ';'
D:\DXSDK\Include\xnamath.h(344,19): error C3646: '_31': unknown override specifier
D:\DXSDK\Include\xnamath.h(344,22): error C2059: syntax error: ','
D:\DXSDK\Include\xnamath.h(344,37): error C2238: unexpected token(s) preceding ';'
D:\DXSDK\Include\xnamath.h(345,19): error C3646: '_41': unknown override specifier
D:\DXSDK\Include\xnamath.h(345,22): error C2059: syntax error: ','
D:\DXSDK\Include\xnamath.h(345,37): error C2238: unexpected token(s) preceding ';'
D:\DXSDK\Include\xnamath.h(346,10): warning C4408: anonymous struct did not declare any data members
D:\DXSDK\Include\xnamath.h(347,15): error C3646: 'm': unknown override specifier
D:\DXSDK\Include\xnamath.h(347,16): error C2143: syntax error: missing ',' before '['
D:\DXSDK\Include\xnamath.h(347,22): error C2238: unexpected token(s) preceding ';'
D:\DXSDK\Include\xnamath.h(354,15): error C2061: syntax error: identifier 'FLOAT'
D:\DXSDK\Include\xnamath.h(354,14): error C2535: '_XMMATRIX::_XMMATRIX(void)': member function already defined or declared
D:\DXSDK\Include\xnamath.h(352): message : see declaration of '_XMMATRIX::_XMMATRIX'
D:\DXSDK\Include\xnamath.h(358,15): error C2061: syntax error: identifier 'CONST'
D:\DXSDK\Include\xnamath.h(358,14): error C2535: '_XMMATRIX::_XMMATRIX(void)': member function already defined or declared
D:\DXSDK\Include\xnamath.h(352): message : see declaration of '_XMMATRIX::_XMMATRIX'
D:\DXSDK\Include\xnamath.h(360,17): error C2143: syntax error: missing ';' before '('
D:\DXSDK\Include\xnamath.h(360,28): error C4430: missing type specifier - int assumed. Note: C++ does not support default-int
D:\DXSDK\Include\xnamath.h(360,52): error C3646: 'CONST': unknown override specifier
D:\DXSDK\Include\xnamath.h(360,58): error C4430: missing type specifier - int assumed. Note: C++ does not support default-int
D:\DXSDK\Include\xnamath.h(361,10): error C2143: syntax error: missing ';' before '&'
D:\DXSDK\Include\xnamath.h(361,10): error C4430: missing type specifier - int assumed. Note: C++ does not support default-int
D:\DXSDK\Include\xnamath.h(361,52): error C2334: unexpected token(s) preceding '{'; skipping apparent function body
D:\DXSDK\Include\xnamath.h(363,28): error C2061: syntax error: identifier 'CONST'
D:\DXSDK\Include\xnamath.h(363,47): error C2805: binary 'operator =' has too few parameters
D:\DXSDK\Include\xnamath.h(366,29): error C2061: syntax error: identifier 'CONST'
D:\DXSDK\Include\xnamath.h(366,48): error C2805: binary 'operator *=' has too few parameters
D:\DXSDK\Include\xnamath.h(367,28): error C2061: syntax error: identifier 'CONST'
D:\DXSDK\Include\xnamath.h(367,48): error C3646: 'CONST': unknown override specifier
D:\DXSDK\Include\xnamath.h(360,67): error C2065: 'm': undeclared identifier
D:\DXSDK\Include\xnamath.h(386,20): error C4430: missing type specifier - int assumed. Note: C++ does not support default-int
D:\DXSDK\Include\xnamath.h(386,16): error C2146: syntax error: missing ';' before identifier 'HALF'
D:\DXSDK\Include\xnamath.h(391,11): error C3646: 'x': unknown override specifier
D:\DXSDK\Include\xnamath.h(391,12): error C4430: missing type specifier - int assumed. Note: C++ does not support default-int
D:\DXSDK\Include\xnamath.h(392,11): error C3646: 'y': unknown override specifier
D:\DXSDK\Include\xnamath.h(392,12): error C4430: missing type specifier - int assumed. Note: C++ does not support default-int
D:\DXSDK\Include\xnamath.h(397,15): error C2061: syntax error: identifier 'FLOAT'
D:\DXSDK\Include\xnamath.h(397,14): error C2535: '_XMFLOAT2::_XMFLOAT2(void)': member function already defined or declared
D:\DXSDK\Include\xnamath.h(396): message : see declaration of '_XMFLOAT2::_XMFLOAT2'
D:\DXSDK\Include\xnamath.h(398,15): error C2061: syntax error: identifier 'CONST'
D:\DXSDK\Include\xnamath.h(398,14): error C2535: '_XMFLOAT2::_XMFLOAT2(void)': member function already defined or declared
D:\DXSDK\Include\xnamath.h(396): message : see declaration of '_XMFLOAT2::_XMFLOAT2'
D:\DXSDK\Include\xnamath.h(400,27): error C2061: syntax error: identifier 'CONST'
D:\DXSDK\Include\xnamath.h(400,51): error C2805: binary 'operator =' has too few parameters
D:\DXSDK\Include\xnamath.h(397,39): error C2065: '_x': undeclared identifier
D:\DXSDK\Include\xnamath.h(397,46): error C2065: '_y': undeclared identifier
D:\DXSDK\Include\xnamath.h(397,37): error C2614: '_XMFLOAT2': illegal member initialization: 'x' is not a base or member
D:\DXSDK\Include\xnamath.h(397,44): error C2614: '_XMFLOAT2': illegal member initialization: 'y' is not a base or member
D:\DXSDK\Include\xnamath.h(411,15): error C2061: syntax error: identifier 'FLOAT'
D:\DXSDK\Include\xnamath.h(411,14): error C2535: 'XMFLOAT2A::XMFLOAT2A(void)': member function already defined or declared
D:\DXSDK\Include\xnamath.h(410): message : see declaration of 'XMFLOAT2A::XMFLOAT2A'
D:\DXSDK\Include\xnamath.h(412,15): error C2061: syntax error: identifier 'CONST'
D:\DXSDK\Include\xnamath.h(412,14): error C2535: 'XMFLOAT2A::XMFLOAT2A(void)': member function already defined or declared
D:\DXSDK\Include\xnamath.h(410): message : see declaration of 'XMFLOAT2A::XMFLOAT2A'
D:\DXSDK\Include\xnamath.h(414,27): error C2061: syntax error: identifier 'CONST'
D:\DXSDK\Include\xnamath.h(414,51): error C2805: binary 'operator =' has too few parameters
D:\DXSDK\Include\xnamath.h(411,46): error C2065: '_x': undeclared identifier
D:\DXSDK\Include\xnamath.h(411,50): error C2065: '_y': undeclared identifier
D:\DXSDK\Include\xnamath.h(412,47): error C2065: 'pArray': undeclared identifier
D:\DXSDK\Include\xnamath.h(423,10): error C3646: 'x': unknown override specifier
D:\DXSDK\Include\xnamath.h(423,11): error C4430: missing type specifier - int assumed. Note: C++ does not support default-int
D:\DXSDK\Include\xnamath.h(424,10): error C3646: 'y': unknown override specifier
D:\DXSDK\Include\xnamath.h(424,11): error C4430: missing type specifier - int assumed. Note: C++ does not support default-int
D:\DXSDK\Include\xnamath.h(429,14): error C2061: syntax error: identifier 'HALF'
D:\DXSDK\Include\xnamath.h(429,13): error C2535: '_XMHALF2::_XMHALF2(void)': member function already defined or declared
D:\DXSDK\Include\xnamath.h(428): message : see declaration of '_XMHALF2::_XMHALF2'
D:\DXSDK\Include\xnamath.h(430,14): error C2061: syntax error: identifier 'CONST'
D:\DXSDK\Include\xnamath.h(430,13): error C2535: '_XMHALF2::_XMHALF2(void)': member function already defined or declared
D:\DXSDK\Include\xnamath.h(428): message : see declaration of '_XMHALF2::_XMHALF2'
D:\DXSDK\Include\xnamath.h(431,14): error C2061: syntax error: identifier 'FLOAT'
D:\DXSDK\Include\xnamath.h(431,13): error C2535: '_XMHALF2::_XMHALF2(void)': member function already defined or declared
D:\DXSDK\Include\xnamath.h(428): message : see declaration of '_XMHALF2::_XMHALF2'
D:\DXSDK\Include\xnamath.h(432,14): error C2061: syntax error: identifier 'CONST'
D:\DXSDK\Include\xnamath.h(432,13): error C2535: '_XMHALF2::_XMHALF2(void)': member function already defined or declared
D:\DXSDK\Include\xnamath.h(428): message : see declaration of '_XMHALF2::_XMHALF2'
D:\DXSDK\Include\xnamath.h(434,26): error C2061: syntax error: identifier 'CONST'
D:\DXSDK\Include\xnamath.h(434,48): error C2805: binary 'operator =' has too few parameters
D:\DXSDK\Include\xnamath.h(429,36): error C2065: '_x': undeclared identifier
D:\DXSDK\Include\xnamath.h(429,43): error C2065: '_y': undeclared identifier
D:\DXSDK\Include\xnamath.h(429,34): error C2614: '_XMHALF2': illegal member initialization: 'x' is not a base or member
D:\DXSDK\Include\xnamath.h(429,41): error C2614: '_XMHALF2': illegal member initialization: 'y' is not a base or member
D:\DXSDK\Include\xnamath.h(443,11): error C3646: 'x': unknown override specifier
D:\DXSDK\Include\xnamath.h(443,12): error C4430: missing type specifier - int assumed. Note: C++ does not support default-int
D:\DXSDK\Include\xnamath.h(444,11): error C3646: 'y': unknown override specifier
D:\DXSDK\Include\xnamath.h(444,12): error C4430: missing type specifier - int assumed. Note: C++ does not support default-int
D:\DXSDK\Include\xnamath.h(449,16): error C2061: syntax error: identifier 'SHORT'
D:\DXSDK\Include\xnamath.h(449,15): error C2535: '_XMSHORTN2::_XMSHORTN2(void)': member function already defined or declared
D:\DXSDK\Include\xnamath.h(448): message : see declaration of '_XMSHORTN2::_XMSHORTN2'
D:\DXSDK\Include\xnamath.h(450,16): error C2061: syntax error: identifier 'CONST'
D:\DXSDK\Include\xnamath.h(450,15): error C2535: '_XMSHORTN2::_XMSHORTN2(void)': member function already defined or declared
D:\DXSDK\Include\xnamath.h(448): message : see declaration of '_XMSHORTN2::_XMSHORTN2'
D:\DXSDK\Include\xnamath.h(451,16): error C2061: syntax error: identifier 'FLOAT'
D:\DXSDK\Include\xnamath.h(451,15): fatal error C1003: error count exceeds 100; stopping compilation
  Tutorial07.cpp
D:\DXSDK\Include\dxgitype.h(12,1): warning C4005: 'DXGI_STATUS_OCCLUDED': macro redefinition
C:\Program Files (x86)\Windows Kits\10\Include\10.0.19041.0\shared\winerror.h(56388): message : see previous definition of 'DXGI_STATUS_OCCLUDED'
D:\DXSDK\Include\dxgitype.h(13,1): warning C4005: 'DXGI_STATUS_CLIPPED': macro redefinition
C:\Program Files (x86)\Windows Kits\10\Include\10.0.19041.0\shared\winerror.h(56397): message : see previous definition of 'DXGI_STATUS_CLIPPED'
D:\DXSDK\Include\dxgitype.h(14,1): warning C4005: 'DXGI_STATUS_NO_REDIRECTION': macro redefinition
C:\Program Files (x86)\Windows Kits\10\Include\10.0.19041.0\shared\winerror.h(56406): message : see previous definition of 'DXGI_STATUS_NO_REDIRECTION'
D:\DXSDK\Include\dxgitype.h(15,1): warning C4005: 'DXGI_STATUS_NO_DESKTOP_ACCESS': macro redefinition
C:\Program Files (x86)\Windows Kits\10\Include\10.0.19041.0\shared\winerror.h(56415): message : see previous definition of 'DXGI_STATUS_NO_DESKTOP_ACCESS'
D:\DXSDK\Include\dxgitype.h(16,1): warning C4005: 'DXGI_STATUS_GRAPHICS_VIDPN_SOURCE_IN_USE': macro redefinition
C:\Program Files (x86)\Windows Kits\10\Include\10.0.19041.0\shared\winerror.h(56424): message : see previous definition of 'DXGI_STATUS_GRAPHICS_VIDPN_SOURCE_IN_USE'
D:\DXSDK\Include\dxgitype.h(17,1): warning C4005: 'DXGI_STATUS_MODE_CHANGED': macro redefinition
C:\Program Files (x86)\Windows Kits\10\Include\10.0.19041.0\shared\winerror.h(56433): message : see previous definition of 'DXGI_STATUS_MODE_CHANGED'
D:\DXSDK\Include\dxgitype.h(18,1): warning C4005: 'DXGI_STATUS_MODE_CHANGE_IN_PROGRESS': macro redefinition
C:\Program Files (x86)\Windows Kits\10\Include\10.0.19041.0\shared\winerror.h(56442): message : see previous definition of 'DXGI_STATUS_MODE_CHANGE_IN_PROGRESS'
D:\DXSDK\Include\dxgitype.h(21,1): warning C4005: 'DXGI_ERROR_INVALID_CALL': macro redefinition
C:\Program Files (x86)\Windows Kits\10\Include\10.0.19041.0\shared\winerror.h(56457): message : see previous definition of 'DXGI_ERROR_INVALID_CALL'
D:\DXSDK\Include\dxgitype.h(22,1): warning C4005: 'DXGI_ERROR_NOT_FOUND': macro redefinition
C:\Program Files (x86)\Windows Kits\10\Include\10.0.19041.0\shared\winerror.h(56466): message : see previous definition of 'DXGI_ERROR_NOT_FOUND'
D:\DXSDK\Include\dxgitype.h(23,1): warning C4005: 'DXGI_ERROR_MORE_DATA': macro redefinition
C:\Program Files (x86)\Windows Kits\10\Include\10.0.19041.0\shared\winerror.h(56475): message : see previous definition of 'DXGI_ERROR_MORE_DATA'
D:\DXSDK\Include\dxgitype.h(24,1): warning C4005: 'DXGI_ERROR_UNSUPPORTED': macro redefinition
C:\Program Files (x86)\Windows Kits\10\Include\10.0.19041.0\shared\winerror.h(56484): message : see previous definition of 'DXGI_ERROR_UNSUPPORTED'
D:\DXSDK\Include\dxgitype.h(25,1): warning C4005: 'DXGI_ERROR_DEVICE_REMOVED': macro redefinition
C:\Program Files (x86)\Windows Kits\10\Include\10.0.19041.0\shared\winerror.h(56493): message : see previous definition of 'DXGI_ERROR_DEVICE_REMOVED'
D:\DXSDK\Include\dxgitype.h(26,1): warning C4005: 'DXGI_ERROR_DEVICE_HUNG': macro redefinition
C:\Program Files (x86)\Windows Kits\10\Include\10.0.19041.0\shared\winerror.h(56502): message : see previous definition of 'DXGI_ERROR_DEVICE_HUNG'
D:\DXSDK\Include\dxgitype.h(27,1): warning C4005: 'DXGI_ERROR_DEVICE_RESET': macro redefinition
C:\Program Files (x86)\Windows Kits\10\Include\10.0.19041.0\shared\winerror.h(56512): message : see previous definition of 'DXGI_ERROR_DEVICE_RESET'
D:\DXSDK\Include\dxgitype.h(28,1): warning C4005: 'DXGI_ERROR_WAS_STILL_DRAWING': macro redefinition
C:\Program Files (x86)\Windows Kits\10\Include\10.0.19041.0\shared\winerror.h(56521): message : see previous definition of 'DXGI_ERROR_WAS_STILL_DRAWING'
D:\DXSDK\Include\dxgitype.h(29,1): warning C4005: 'DXGI_ERROR_FRAME_STATISTICS_DISJOINT': macro redefinition
C:\Program Files (x86)\Windows Kits\10\Include\10.0.19041.0\shared\winerror.h(56531): message : see previous definition of 'DXGI_ERROR_FRAME_STATISTICS_DISJOINT'
D:\DXSDK\Include\dxgitype.h(30,1): warning C4005: 'DXGI_ERROR_GRAPHICS_VIDPN_SOURCE_IN_USE': macro redefinition
C:\Program Files (x86)\Windows Kits\10\Include\10.0.19041.0\shared\winerror.h(56540): message : see previous definition of 'DXGI_ERROR_GRAPHICS_VIDPN_SOURCE_IN_USE'
D:\DXSDK\Include\dxgitype.h(31,1): warning C4005: 'DXGI_ERROR_DRIVER_INTERNAL_ERROR': macro redefinition
C:\Program Files (x86)\Windows Kits\10\Include\10.0.19041.0\shared\winerror.h(56550): message : see previous definition of 'DXGI_ERROR_DRIVER_INTERNAL_ERROR'
D:\DXSDK\Include\dxgitype.h(32,1): warning C4005: 'DXGI_ERROR_NONEXCLUSIVE': macro redefinition
C:\Program Files (x86)\Windows Kits\10\Include\10.0.19041.0\shared\winerror.h(56559): message : see previous definition of 'DXGI_ERROR_NONEXCLUSIVE'
D:\DXSDK\Include\dxgitype.h(33,1): warning C4005: 'DXGI_ERROR_NOT_CURRENTLY_AVAILABLE': macro redefinition
C:\Program Files (x86)\Windows Kits\10\Include\10.0.19041.0\shared\winerror.h(56568): message : see previous definition of 'DXGI_ERROR_NOT_CURRENTLY_AVAILABLE'
D:\DXSDK\Include\dxgitype.h(34,1): warning C4005: 'DXGI_ERROR_REMOTE_CLIENT_DISCONNECTED': macro redefinition
C:\Program Files (x86)\Windows Kits\10\Include\10.0.19041.0\shared\winerror.h(56578): message : see previous definition of 'DXGI_ERROR_REMOTE_CLIENT_DISCONNECTED'
D:\DXSDK\Include\dxgitype.h(35,1): warning C4005: 'DXGI_ERROR_REMOTE_OUTOFMEMORY': macro redefinition
C:\Program Files (x86)\Windows Kits\10\Include\10.0.19041.0\shared\winerror.h(56587): message : see previous definition of 'DXGI_ERROR_REMOTE_OUTOFMEMORY'
D:\DXSDK\Include\d3d11.h(917,1): warning C4005: 'D3D11_ERROR_TOO_MANY_UNIQUE_STATE_OBJECTS': macro redefinition
C:\Program Files (x86)\Windows Kits\10\Include\10.0.19041.0\shared\winerror.h(56865): message : see previous definition of 'D3D11_ERROR_TOO_MANY_UNIQUE_STATE_OBJECTS'
D:\DXSDK\Include\d3d11.h(918,1): warning C4005: 'D3D11_ERROR_FILE_NOT_FOUND': macro redefinition
C:\Program Files (x86)\Windows Kits\10\Include\10.0.19041.0\shared\winerror.h(56874): message : see previous definition of 'D3D11_ERROR_FILE_NOT_FOUND'
D:\DXSDK\Include\d3d11.h(919,1): warning C4005: 'D3D11_ERROR_TOO_MANY_UNIQUE_VIEW_OBJECTS': macro redefinition
C:\Program Files (x86)\Windows Kits\10\Include\10.0.19041.0\shared\winerror.h(56884): message : see previous definition of 'D3D11_ERROR_TOO_MANY_UNIQUE_VIEW_OBJECTS'
D:\DXSDK\Include\d3d11.h(920,1): warning C4005: 'D3D11_ERROR_DEFERRED_CONTEXT_MAP_WITHOUT_INITIAL_DISCARD': macro redefinition
C:\Program Files (x86)\Windows Kits\10\Include\10.0.19041.0\shared\winerror.h(56893): message : see previous definition of 'D3D11_ERROR_DEFERRED_CONTEXT_MAP_WITHOUT_INITIAL_DISCARD'
D:\DXSDK\Include\d3d10.h(608,1): warning C4005: 'D3D10_ERROR_TOO_MANY_UNIQUE_STATE_OBJECTS': macro redefinition
C:\Program Files (x86)\Windows Kits\10\Include\10.0.19041.0\shared\winerror.h(56841): message : see previous definition of 'D3D10_ERROR_TOO_MANY_UNIQUE_STATE_OBJECTS'
D:\DXSDK\Include\d3d10.h(609,1): warning C4005: 'D3D10_ERROR_FILE_NOT_FOUND': macro redefinition
C:\Program Files (x86)\Windows Kits\10\Include\10.0.19041.0\shared\winerror.h(56850): message : see previous definition of 'D3D10_ERROR_FILE_NOT_FOUND'
D:\DXSDK\Include\xnamath.h(2662,52): warning C4838: conversion from 'unsigned int' to 'INT' requires a narrowing conversion
D:\DXSDK\Include\xnamath.h(2662,64): warning C4838: conversion from 'unsigned int' to 'INT' requires a narrowing conversion
D:\DXSDK\Include\xnamath.h(2662,76): warning C4838: conversion from 'unsigned int' to 'INT' requires a narrowing conversion
D:\DXSDK\Include\xnamath.h(2662,88): warning C4838: conversion from 'unsigned int' to 'INT' requires a narrowing conversion
D:\DXSDK\Include\xnamath.h(2663,52): warning C4838: conversion from 'unsigned int' to 'INT' requires a narrowing conversion
D:\DXSDK\Include\xnamath.h(2663,64): warning C4838: conversion from 'unsigned int' to 'INT' requires a narrowing conversion
D:\DXSDK\Include\xnamath.h(2663,76): warning C4838: conversion from 'unsigned int' to 'INT' requires a narrowing conversion
D:\DXSDK\Include\xnamath.h(2664,52): warning C4838: conversion from 'unsigned int' to 'INT' requires a narrowing conversion
D:\DXSDK\Include\xnamath.h(2664,64): warning C4838: conversion from 'unsigned int' to 'INT' requires a narrowing conversion
D:\DXSDK\Include\xnamath.h(2664,76): warning C4838: conversion from 'unsigned int' to 'INT' requires a narrowing conversion
D:\DXSDK\Include\xnamath.h(2665,52): warning C4838: conversion from 'unsigned int' to 'INT' requires a narrowing conversion
D:\DXSDK\Include\xnamath.h(2666,64): warning C4838: conversion from 'unsigned int' to 'INT' requires a narrowing conversion
D:\DXSDK\Include\xnamath.h(2667,76): warning C4838: conversion from 'unsigned int' to 'INT' requires a narrowing conversion
D:\DXSDK\Include\xnamath.h(2668,88): warning C4838: conversion from 'unsigned int' to 'INT' requires a narrowing conversion
D:\DXSDK\Include\xnamath.h(2689,46): warning C4838: conversion from 'unsigned int' to 'INT' requires a narrowing conversion
D:\DXSDK\Include\xnamath.h(2689,58): warning C4838: conversion from 'unsigned int' to 'INT' requires a narrowing conversion
D:\DXSDK\Include\xnamath.h(2689,70): warning C4838: conversion from 'unsigned int' to 'INT' requires a narrowing conversion
D:\DXSDK\Include\xnamath.h(2689,82): warning C4838: conversion from 'unsigned int' to 'INT' requires a narrowing conversion
D:\DXSDK\Include\xnamath.h(2690,88): warning C4838: conversion from 'unsigned int' to 'INT' requires a narrowing conversion
D:\DXSDK\Include\xnamath.h(2691,88): warning C4838: conversion from 'unsigned int' to 'INT' requires a narrowing conversion
D:\DXSDK\Include\xnamath.h(2694,88): warning C4838: conversion from 'unsigned int' to 'INT' requires a narrowing conversion
D:\DXSDK\Include\xnamath.h(2695,88): warning C4838: conversion from 'unsigned int' to 'INT' requires a narrowing conversion
D:\DXSDK\Include\xnamath.h(2698,64): warning C4838: conversion from 'unsigned int' to 'INT' requires a narrowing conversion
D:\DXSDK\Include\xnamath.h(2702,76): warning C4838: conversion from 'unsigned int' to 'INT' requires a narrowing conversion
D:\DXSDK\Include\xnamath.h(2702,88): warning C4838: conversion from 'unsigned int' to 'INT' requires a narrowing conversion
D:\DXSDK\Include\xnamath.h(2712,65): warning C4838: conversion from 'unsigned int' to 'INT' requires a narrowing conversion
D:\DXSDK\Include\xnamath.h(2712,91): warning C4838: conversion from 'unsigned int' to 'INT' requires a narrowing conversion
D:\DXSDK\Include\xnamath.h(2713,52): warning C4838: conversion from 'unsigned int' to 'INT' requires a narrowing conversion
D:\DXSDK\Include\xnamath.h(2713,78): warning C4838: conversion from 'unsigned int' to 'INT' requires a narrowing conversion
D:\DXSDK\Include\xnamath.h(2715,52): warning C4838: conversion from 'unsigned int' to 'INT' requires a narrowing conversion
D:\DXSDK\Include\xnamath.h(2716,52): warning C4838: conversion from 'unsigned int' to 'INT' requires a narrowing conversion
D:\DXSDK\Include\xnamath.h(2716,65): warning C4838: conversion from 'unsigned int' to 'INT' requires a narrowing conversion
D:\DXSDK\Include\xnamath.h(2717,52): warning C4838: conversion from 'unsigned int' to 'INT' requires a narrowing conversion
D:\DXSDK\Include\xnamath.h(2717,65): warning C4838: conversion from 'unsigned int' to 'INT' requires a narrowing conversion
D:\DXSDK\Include\xnamath.h(2717,78): warning C4838: conversion from 'unsigned int' to 'INT' requires a narrowing conversion
D:\DXSDK\Include\xnamath.h(2727,54): warning C4838: conversion from 'unsigned int' to 'INT' requires a narrowing conversion
D:\DXSDK\Include\xnamath.h(2728,56): warning C4838: conversion from 'unsigned int' to 'INT' requires a narrowing conversion
D:\DXSDK\Include\xnamath.h(2729,58): warning C4838: conversion from 'unsigned int' to 'INT' requires a narrowing conversion
D:\DXSDK\Include\xnamath.h(2730,54): warning C4838: conversion from 'unsigned int' to 'INT' requires a narrowing conversion
D:\DXSDK\Include\xnamath.h(2730,65): warning C4838: conversion from 'unsigned int' to 'INT' requires a narrowing conversion
D:\DXSDK\Include\xnamath.h(2731,56): warning C4838: conversion from 'unsigned int' to 'INT' requires a narrowing conversion
D:\DXSDK\Include\xnamath.h(2731,67): warning C4838: conversion from 'unsigned int' to 'INT' requires a narrowing conversion
D:\DXSDK\Include\xnamath.h(2732,54): warning C4838: conversion from 'unsigned int' to 'INT' requires a narrowing conversion
D:\DXSDK\Include\xnamath.h(2732,67): warning C4838: conversion from 'unsigned int' to 'INT' requires a narrowing conversion
D:\DXSDK\Include\xnamath.h(2742,60): warning C4838: conversion from 'unsigned int' to 'INT' requires a narrowing conversion
D:\DXSDK\Include\xnamath.h(2742,79): warning C4838: conversion from 'unsigned int' to 'INT' requires a narrowing conversion
D:\DXSDK\Include\xnamath.h(2743,70): warning C4838: conversion from 'unsigned int' to 'INT' requires a narrowing conversion
D:\DXSDK\Include\xnamath.h(2754,73): warning C4838: conversion from 'unsigned int' to 'INT' requires a narrowing conversion
D:\DXSDK\Include\xnamathconvert.inl(2254,71): warning C4838: conversion from 'unsigned int' to 'INT' requires a narrowing conversion
D:\DXSDK\Include\xnamathconvert.inl(4523,69): warning C4838: conversion from 'unsigned int' to 'INT' requires a narrowing conversion
D:\DXSDK\Include\xnamathconvert.inl(4577,68): warning C4838: conversion from 'unsigned int' to 'INT' requires a narrowing conversion
D:\DXSDK\Include\xnamathconvert.inl(4639,65): warning C4838: conversion from 'unsigned int' to 'INT' requires a narrowing conversion
D:\DXSDK\Include\xnamathconvert.inl(4707,64): warning C4838: conversion from 'unsigned int' to 'INT' requires a narrowing conversion
D:\DXSDK\Include\xnamathconvert.inl(4770,64): warning C4838: conversion from 'unsigned int' to 'INT' requires a narrowing conversion
D:\DXSDK\Include\xnamathconvert.inl(4832,63): warning C4838: conversion from 'unsigned int' to 'INT' requires a narrowing conversion
D:\DXSDK\Include\xnamathvector.inl(1269,45): warning C4838: conversion from 'unsigned int' to 'INT' requires a narrowing conversion
D:\DXSDK\Include\xnamathvector.inl(1269,56): warning C4838: conversion from 'unsigned int' to 'INT' requires a narrowing conversion
D:\DXSDK\Include\xnamathvector.inl(1269,67): warning C4838: conversion from 'unsigned int' to 'INT' requires a narrowing conversion
D:\DXSDK\Include\xnamathvector.inl(1269,78): warning C4838: conversion from 'unsigned int' to 'INT' requires a narrowing conversion
D:\DXSDK\Include\xnamathmisc.inl(518,43): warning C4838: conversion from 'unsigned int' to 'INT' requires a narrowing conversion
D:\DXSDK\Include\xnamathmisc.inl(519,40): warning C4838: conversion from 'unsigned int' to 'INT' requires a narrowing conversion
D:\DXSDK\Include\xnamathmisc.inl(519,51): warning C4838: conversion from 'unsigned int' to 'INT' requires a narrowing conversion
C:\Users\theun\Documents\GitHub\graficas\PiGraphicModule\editor\Tutorial07.cpp(619,42): warning C4456: declaration of 'cbNeverChanges' hides previous local declaration
C:\Users\theun\Documents\GitHub\graficas\PiGraphicModule\editor\Tutorial07.cpp(550,20): message : see declaration of 'cbNeverChanges'
C:\Users\theun\Documents\GitHub\graficas\PiGraphicModule\editor\Tutorial07.cpp(549,17): warning C4189: 'moveOffset': local variable is initialized but not referenced
  Generating Code...
